<?xml version="1.0" encoding="UTF-8"?>
<!-- Generated by org.testng.reporters.JUnitReportReporter -->
<testsuite skipped="0" hostname="DESKTOP-KRLAL0I" name="com.sales.AmazonServices.TC_005" tests="1" failures="0" timestamp="27 Feb 2019 06:54:15 GMT" time="12.735" errors="0">
  <testcase name="amazonHomePage" time="12.735" classname="com.sales.AmazonServices.TC_005"/>
</testsuite> <!-- com.sales.AmazonServices.TC_005 -->
